{"name":"test002_fillExpertsApplication","status":"failed","statusDetails":{"known":false,"muted":false,"flaky":false,"message":"Element not found {By.xpath: //span[@class='ui-growl-title']}\nExpected: visible","trace":"Element not found {By.xpath: //span[@class='ui-growl-title']}\nExpected: visible\nScreenshot: file:/C:/Users/mkrasny/IdeaProjects/nawa/build/reports/tests/1560338860267.0.png\nPage source: file:/C:/Users/mkrasny/IdeaProjects/nawa/build/reports/tests/1560338860267.0.html\nTimeout: 10 s.\nCaused by: NoSuchElementException: no such element: Unable to locate element: {\"method\":\"xpath\",\"selector\":\"//span[@class='ui-growl-title']\"}\r\n\tat com.codeborne.selenide.impl.WebElementSource.createElementNotFoundError(WebElementSource.java:37)\r\n\tat com.codeborne.selenide.impl.ElementFinder.createElementNotFoundError(ElementFinder.java:100)\r\n\tat com.codeborne.selenide.impl.WebElementSource.checkCondition(WebElementSource.java:65)\r\n\tat com.codeborne.selenide.commands.Should.should(Should.java:35)\r\n\tat com.codeborne.selenide.commands.Should.execute(Should.java:29)\r\n\tat com.codeborne.selenide.commands.Should.execute(Should.java:12)\r\n\tat com.codeborne.selenide.commands.Commands.execute(Commands.java:144)\r\n\tat com.codeborne.selenide.impl.SelenideElementProxy.dispatchAndRetry(SelenideElementProxy.java:99)\r\n\tat com.codeborne.selenide.impl.SelenideElementProxy.invoke(SelenideElementProxy.java:65)\r\n\tat com.sun.proxy.$Proxy17.shouldBe(Unknown Source)\r\n\tat pages.ExpertsApplication.waitForDraftSavedTitleToDisappear(ExpertsApplication.java:106)\r\n\tat Tests.test002_fillExpertsApplication(Tests.java:99)\r\n\tat java.base/jdk.internal.reflect.NativeMethodAccessorImpl.invoke0(Native Method)\r\n\tat java.base/jdk.internal.reflect.NativeMethodAccessorImpl.invoke(NativeMethodAccessorImpl.java:62)\r\n\tat java.base/jdk.internal.reflect.DelegatingMethodAccessorImpl.invoke(DelegatingMethodAccessorImpl.java:43)\r\n\tat java.base/java.lang.reflect.Method.invoke(Method.java:564)\r\n\tat org.testng.internal.MethodInvocationHelper.invokeMethod(MethodInvocationHelper.java:124)\r\n\tat org.testng.internal.Invoker.invokeMethod(Invoker.java:583)\r\n\tat org.testng.internal.Invoker.invokeTestMethod(Invoker.java:719)\r\n\tat org.testng.internal.Invoker.invokeTestMethods(Invoker.java:989)\r\n\tat org.testng.internal.TestMethodWorker.invokeTestMethods(TestMethodWorker.java:125)\r\n\tat org.testng.internal.TestMethodWorker.run(TestMethodWorker.java:109)\r\n\tat org.testng.TestRunner.privateRun(TestRunner.java:648)\r\n\tat org.testng.TestRunner.run(TestRunner.java:505)\r\n\tat org.testng.SuiteRunner.runTest(SuiteRunner.java:455)\r\n\tat org.testng.SuiteRunner.runSequentially(SuiteRunner.java:450)\r\n\tat org.testng.SuiteRunner.privateRun(SuiteRunner.java:415)\r\n\tat org.testng.SuiteRunner.run(SuiteRunner.java:364)\r\n\tat org.testng.SuiteRunnerWorker.runSuite(SuiteRunnerWorker.java:52)\r\n\tat org.testng.SuiteRunnerWorker.run(SuiteRunnerWorker.java:84)\r\n\tat org.testng.TestNG.runSuitesSequentially(TestNG.java:1208)\r\n\tat org.testng.TestNG.runSuitesLocally(TestNG.java:1137)\r\n\tat org.testng.TestNG.runSuites(TestNG.java:1049)\r\n\tat org.testng.TestNG.run(TestNG.java:1017)\r\n\tat org.apache.maven.surefire.testng.TestNGExecutor.run(TestNGExecutor.java:135)\r\n\tat org.apache.maven.surefire.testng.TestNGDirectoryTestSuite.executeSingleClass(TestNGDirectoryTestSuite.java:112)\r\n\tat org.apache.maven.surefire.testng.TestNGDirectoryTestSuite.execute(TestNGDirectoryTestSuite.java:99)\r\n\tat org.apache.maven.surefire.testng.TestNGProvider.invoke(TestNGProvider.java:146)\r\n\tat org.apache.maven.surefire.booter.ForkedBooter.invokeProviderInSameClassLoader(ForkedBooter.java:386)\r\n\tat org.apache.maven.surefire.booter.ForkedBooter.runSuitesInProcess(ForkedBooter.java:323)\r\n\tat org.apache.maven.surefire.booter.ForkedBooter.main(ForkedBooter.java:143)\r\nCaused by: org.openqa.selenium.NoSuchElementException: no such element: Unable to locate element: {\"method\":\"xpath\",\"selector\":\"//span[@class='ui-growl-title']\"}\n  (Session info: chrome=74.0.3729.169)\n  (Driver info: chromedriver=74.0.3729.6 (255758eccf3d244491b8a1317aa76e1ce10d57e9-refs/branch-heads/3729@{#29}),platform=Windows NT 10.0.17134 x86_64) (WARNING: The server did not provide any stacktrace information)\nCommand duration or timeout: 0 milliseconds\nFor documentation on this error, please visit: https://www.seleniumhq.org/exceptions/no_such_element.html\nBuild info: version: '3.141.59', revision: 'e82be7d358', time: '2018-11-14T08:17:03'\nSystem info: host: '3E-WA-0105', ip: '10.0.75.1', os.name: 'Windows 10', os.arch: 'amd64', os.version: '10.0', java.version: '10.0.1'\nDriver info: org.openqa.selenium.chrome.ChromeDriver\nCapabilities {acceptInsecureCerts: false, acceptSslCerts: false, applicationCacheEnabled: false, browserConnectionEnabled: false, browserName: chrome, chrome: {chromedriverVersion: 74.0.3729.6 (255758eccf3d24..., userDataDir: C:\\Users\\mkrasny\\AppData\\Lo...}, cssSelectorsEnabled: true, databaseEnabled: false, goog:chromeOptions: {debuggerAddress: localhost:57837}, handlesAlerts: true, hasTouchScreen: false, javascriptEnabled: true, locationContextEnabled: true, mobileEmulationEnabled: false, nativeEvents: true, networkConnectionEnabled: false, pageLoadStrategy: normal, platform: XP, platformName: XP, proxy: Proxy(), rotatable: false, setWindowRect: true, strictFileInteractability: false, takesHeapSnapshot: true, takesScreenshot: true, timeouts: {implicit: 0, pageLoad: 300000, script: 30000}, unexpectedAlertBehaviour: ignore, unhandledPromptBehavior: ignore, version: 74.0.3729.169, webStorageEnabled: true}\nSession ID: de01f7ac352899ffbd509403ce544d8f\n*** Element info: {Using=xpath, value=//span[@class='ui-growl-title']}\r\n\tat jdk.internal.reflect.GeneratedConstructorAccessor13.newInstance(Unknown Source)\r\n\tat java.base/jdk.internal.reflect.DelegatingConstructorAccessorImpl.newInstance(DelegatingConstructorAccessorImpl.java:45)\r\n\tat java.base/java.lang.reflect.Constructor.newInstance(Constructor.java:488)\r\n\tat org.openqa.selenium.remote.ErrorHandler.createThrowable(ErrorHandler.java:214)\r\n\tat org.openqa.selenium.remote.ErrorHandler.throwIfResponseFailed(ErrorHandler.java:166)\r\n\tat org.openqa.selenium.remote.http.JsonHttpResponseCodec.reconstructValue(JsonHttpResponseCodec.java:40)\r\n\tat org.openqa.selenium.remote.http.AbstractHttpResponseCodec.decode(AbstractHttpResponseCodec.java:80)\r\n\tat org.openqa.selenium.remote.http.AbstractHttpResponseCodec.decode(AbstractHttpResponseCodec.java:44)\r\n\tat org.openqa.selenium.remote.HttpCommandExecutor.execute(HttpCommandExecutor.java:158)\r\n\tat org.openqa.selenium.remote.service.DriverCommandExecutor.execute(DriverCommandExecutor.java:83)\r\n\tat org.openqa.selenium.remote.RemoteWebDriver.execute(RemoteWebDriver.java:552)\r\n\tat org.openqa.selenium.remote.RemoteWebDriver.findElement(RemoteWebDriver.java:323)\r\n\tat org.openqa.selenium.remote.RemoteWebDriver.findElementByXPath(RemoteWebDriver.java:428)\r\n\tat org.openqa.selenium.By$ByXPath.findElement(By.java:353)\r\n\tat org.openqa.selenium.remote.RemoteWebDriver.findElement(RemoteWebDriver.java:315)\r\n\tat com.codeborne.selenide.impl.WebElementSelector.findElement(WebElementSelector.java:28)\r\n\tat com.codeborne.selenide.impl.ElementFinder.getWebElement(ElementFinder.java:74)\r\n\tat com.codeborne.selenide.impl.WebElementSource.checkCondition(WebElementSource.java:50)\r\n\t... 38 more\r\n"},"stage":"finished","description":"Wypelnianie wniosku Eksperckiego","steps":[{"name":"Usun istniejace wnioski","status":"passed","stage":"finished","steps":[{"name":"$(By.xpath: //button[@id='j_idt122:applicationTable:0:j_idt162']) is displayed()","status":"passed","stage":"finished","steps":[],"attachments":[],"parameters":[],"start":1560338835697,"stop":1560338835783},{"name":"$(By.xpath: //button[@id='j_idt122:applicationTable:0:j_idt162']) click()","status":"passed","stage":"finished","steps":[],"attachments":[],"parameters":[],"start":1560338835783,"stop":1560338835928},{"name":"$(By.xpath: //button[@id='j_idt122:j_idt143']) click()","status":"passed","stage":"finished","steps":[],"attachments":[],"parameters":[],"start":1560338835928,"stop":1560338836424}],"attachments":[],"parameters":[],"start":1560338835695,"stop":1560338836424},{"name":"Przejscie na podstrone 'programy'","status":"passed","stage":"finished","steps":[{"name":"$(By.xpath: //div[@class='grid__item -inline-flex']//a[0]) click()","status":"passed","stage":"finished","steps":[],"attachments":[],"parameters":[],"start":1560338836425,"stop":1560338837369}],"attachments":[],"parameters":[],"start":1560338836424,"stop":1560338837369},{"name":"Wypelnij wniosek: Experci","status":"passed","stage":"finished","steps":[{"name":"$(By.xpath: //button[@id='j_idt123:j_idt128:0:j_idt139']) click()","status":"passed","stage":"finished","steps":[],"attachments":[],"parameters":[],"start":1560338837378,"stop":1560338839436}],"attachments":[],"parameters":[],"start":1560338837378,"stop":1560338839436},{"name":"Polski jezyk formularza","status":"passed","stage":"finished","steps":[{"name":"$(#o0section-15-control≡grid-1-grid≡choose_language-control≡≡e0 + span) click()","status":"passed","stage":"finished","steps":[],"attachments":[],"parameters":[],"start":1560338839471,"stop":1560338844912}],"attachments":[],"parameters":[],"start":1560338839470,"stop":1560338844912},{"name":"Wyslij aplikacje","status":"passed","stage":"finished","steps":[{"name":"$(#o0xf-549≡xf-3408≡xf-3414≡≡c⊙3) click()","status":"passed","stage":"finished","steps":[],"attachments":[],"parameters":[],"start":1560338844913,"stop":1560338845048}],"attachments":[],"parameters":[],"start":1560338844912,"stop":1560338845048},{"name":"Szkic zostal zapisany - zamkniecie boxa","status":"passed","stage":"finished","steps":[{"name":"$(By.xpath: //div[@class='ui-growl-icon-close ui-icon ui-icon-closethick']) click()","status":"passed","stage":"finished","steps":[],"attachments":[],"parameters":[],"start":1560338845049,"stop":1560338846198}],"attachments":[],"parameters":[],"start":1560338845049,"stop":1560338846198},{"name":"Pobieranie tresci bledow","status":"passed","stage":"finished","steps":[{"name":"$(#o0fr-error-dialog≡xf-3421) should be(visible)","status":"passed","stage":"finished","steps":[],"attachments":[],"parameters":[],"start":1560338846199,"stop":1560338846247},{"name":"$(#o0fr-error-dialog≡xf-3421 > label) get text()","status":"passed","stage":"finished","steps":[],"attachments":[],"parameters":[],"start":1560338846247,"stop":1560338846297}],"attachments":[],"parameters":[],"start":1560338846198,"stop":1560338846297},{"name":"Klikniecie OK na dialog boxie z bledami","status":"passed","stage":"finished","steps":[{"name":"$(#o0fr-error-dialog≡xf-3426≡≡c) click()","status":"passed","stage":"finished","steps":[],"attachments":[],"parameters":[],"start":1560338846301,"stop":1560338846423}],"attachments":[],"parameters":[],"start":1560338846301,"stop":1560338846423},{"name":"Pobranie listy bledów","status":"passed","stage":"finished","steps":[{"name":"$(#o0error-summary-control-bottom≡body≡≡l) get text()","status":"passed","stage":"finished","steps":[],"attachments":[],"parameters":[],"start":1560338846424,"stop":1560338846473}],"attachments":[],"parameters":[],"start":1560338846423,"stop":1560338846473},{"name":"Zainteresowany wspolpraca z NAWA","status":"passed","stage":"finished","steps":[{"name":"$(#o0o0section-1-control≡grid-2-grid≡options-control≡≡e0 + span) click()","status":"passed","stage":"finished","steps":[],"attachments":[],"parameters":[],"start":1560338846474,"stop":1560338846616}],"attachments":[],"parameters":[],"start":1560338846473,"stop":1560338846616},{"name":"Wybor losowego programu NAWA","status":"passed","stage":"finished","steps":[{"name":"$(#o0section-1-control≡grid-153-grid≡programs_categories-control≡select1≡≡c⊙1) get tag name()","status":"passed","stage":"finished","steps":[],"attachments":[],"parameters":[],"start":1560338846627,"stop":1560338846949},{"name":"$(#o0section-1-control≡grid-153-grid≡programs_categories-control≡select1≡≡c⊙1) get attribute(multiple)","status":"passed","stage":"finished","steps":[],"attachments":[],"parameters":[],"start":1560338846950,"stop":1560338846986},{"name":"$(#o0section-1-control≡grid-153-grid≡programs_categories-control≡select1≡≡c⊙1) find elements(By.tagName: option)","status":"passed","stage":"finished","steps":[],"attachments":[],"parameters":[],"start":1560338846987,"stop":1560338847027},{"name":"$(#o0section-1-control≡grid-153-grid≡programs_categories-control≡select1≡≡c⊙1) find elements(By.tagName: option)","status":"passed","stage":"finished","steps":[],"attachments":[],"parameters":[],"start":1560338847028,"stop":1560338847054}],"attachments":[],"parameters":[],"start":1560338846617,"stop":1560338847209},{"name":"Ustawienie tytulu akademickiego {1}","status":"passed","stage":"finished","steps":[{"name":"$(#o0section-5-control≡grid-5-grid≡academic_title-control≡xforms-input-1) send keys(Corners)","status":"passed","stage":"finished","steps":[],"attachments":[],"parameters":[],"start":1560338847218,"stop":1560338847790}],"attachments":[],"parameters":[{"name":"academicTitleInput","value":"Corners"}],"start":1560338847218,"stop":1560338847790},{"name":"Ustawienie numeru telefonu {1}","status":"passed","stage":"finished","steps":[{"name":"$(#o0section-5-control≡grid-5-grid≡telephone-control≡xforms-input-1) clear()","status":"passed","stage":"finished","steps":[],"attachments":[],"parameters":[],"start":1560338847791,"stop":1560338847858},{"name":"$(#o0section-5-control≡grid-5-grid≡telephone-control≡xforms-input-1) send keys(123456987)","status":"passed","stage":"finished","steps":[],"attachments":[],"parameters":[],"start":1560338847859,"stop":1560338848300}],"attachments":[],"parameters":[{"name":"phoneNumberInput","value":"123456987"}],"start":1560338847791,"stop":1560338848300},{"name":"Wybor losowego zakresu tematycznego","status":"passed","stage":"finished","steps":[{"name":"$(#o0section-1-control≡grid-153-grid≡programs_categories-control≡select1≡≡c⊙1) get selected option()","status":"passed","stage":"finished","steps":[],"attachments":[],"parameters":[],"start":1560338848301,"stop":1560338848427},{"name":"$(<option>) get value()","status":"passed","stage":"finished","steps":[],"attachments":[],"parameters":[],"start":1560338848452,"stop":1560338848460},{"name":"$(#o0section-1-control≡grid-153-grid≡programs_categories-control≡select1≡≡c⊙1) get selected option()","status":"passed","stage":"finished","steps":[],"attachments":[],"parameters":[],"start":1560338848460,"stop":1560338848537},{"name":"$(<option>) get value()","status":"passed","stage":"finished","steps":[],"attachments":[],"parameters":[],"start":1560338848556,"stop":1560338848562},{"name":"$(#o0section-1-control≡grid-153-grid≡programs_categories-control≡select1≡≡c⊙1) get selected option()","status":"passed","stage":"finished","steps":[],"attachments":[],"parameters":[],"start":1560338848562,"stop":1560338848639},{"name":"$(<option>) get value()","status":"passed","stage":"finished","steps":[],"attachments":[],"parameters":[],"start":1560338848659,"stop":1560338848666},{"name":"$(#o0section-5-control≡grid-156-grid≡thematic_scope1-control≡select1≡≡c⊙1) get tag name()","status":"passed","stage":"finished","steps":[],"attachments":[],"parameters":[],"start":1560338848666,"stop":1560338848692},{"name":"$(#o0section-5-control≡grid-156-grid≡thematic_scope1-control≡select1≡≡c⊙1) get attribute(multiple)","status":"passed","stage":"finished","steps":[],"attachments":[],"parameters":[],"start":1560338848692,"stop":1560338848712},{"name":"$(#o0section-5-control≡grid-156-grid≡thematic_scope1-control≡select1≡≡c⊙1) find elements(By.tagName: option)","status":"passed","stage":"finished","steps":[],"attachments":[],"parameters":[],"start":1560338848713,"stop":1560338848744},{"name":"$(#o0section-5-control≡grid-156-grid≡thematic_scope1-control≡select1≡≡c⊙1) find elements(By.tagName: option)","status":"passed","stage":"finished","steps":[],"attachments":[],"parameters":[],"start":1560338848744,"stop":1560338848770}],"attachments":[],"parameters":[],"start":1560338848301,"stop":1560338848887},{"name":"Wybor losowego poziomu jezyka","status":"passed","stage":"finished","steps":[{"name":"$(#o0section-5-control≡grid-65-grid≡foreign_language_level-control≡select1≡≡c⊙1) get tag name()","status":"passed","stage":"finished","steps":[],"attachments":[],"parameters":[],"start":1560338848887,"stop":1560338848913},{"name":"$(#o0section-5-control≡grid-65-grid≡foreign_language_level-control≡select1≡≡c⊙1) get attribute(multiple)","status":"passed","stage":"finished","steps":[],"attachments":[],"parameters":[],"start":1560338848914,"stop":1560338848936},{"name":"$(#o0section-5-control≡grid-65-grid≡foreign_language_level-control≡select1≡≡c⊙1) find elements(By.tagName: option)","status":"passed","stage":"finished","steps":[],"attachments":[],"parameters":[],"start":1560338848937,"stop":1560338848968},{"name":"$(#o0section-5-control≡grid-65-grid≡foreign_language_level-control≡select1≡≡c⊙1) find elements(By.tagName: option)","status":"passed","stage":"finished","steps":[],"attachments":[],"parameters":[],"start":1560338848969,"stop":1560338848994}],"attachments":[],"parameters":[],"start":1560338848887,"stop":1560338849194},{"name":"Zaznaczenie wymaganych checkboxow","status":"passed","stage":"finished","steps":[{"name":"$(#o0section-13-control≡grid-18-grid≡statement1-control .xforms-deselected .checkbox) click()","status":"passed","stage":"finished","steps":[],"attachments":[],"parameters":[],"start":1560338849195,"stop":1560338849437},{"name":"$(#o0section-79-control≡grid-19-grid≡statement2-control .xforms-deselected .checkbox) click()","status":"passed","stage":"finished","steps":[],"attachments":[],"parameters":[],"start":1560338849437,"stop":1560338849575},{"name":"$(#o0section-79-control≡grid-19-grid≡statement3-control .xforms-deselected .checkbox) click()","status":"passed","stage":"finished","steps":[],"attachments":[],"parameters":[],"start":1560338849575,"stop":1560338849752}],"attachments":[],"parameters":[],"start":1560338849195,"stop":1560338849752},{"name":"Zapisz kopie robocza","status":"passed","stage":"finished","steps":[{"name":"$(#o0xf-549≡xf-3408≡xf-3414≡≡c⊙2) click()","status":"passed","stage":"finished","steps":[],"attachments":[],"parameters":[],"start":1560338849752,"stop":1560338849998}],"attachments":[],"parameters":[],"start":1560338849752,"stop":1560338849999},{"name":"Czekanie na znikniecie komunikatu","status":"failed","statusDetails":{"known":false,"muted":false,"flaky":false,"message":"Element not found {By.xpath: //span[@class='ui-growl-title']}\nExpected: visible","trace":"Element not found {By.xpath: //span[@class='ui-growl-title']}\nExpected: visible\nScreenshot: file:/C:/Users/mkrasny/IdeaProjects/nawa/build/reports/tests/1560338860267.0.png\nPage source: file:/C:/Users/mkrasny/IdeaProjects/nawa/build/reports/tests/1560338860267.0.html\nTimeout: 10 s.\nCaused by: NoSuchElementException: no such element: Unable to locate element: {\"method\":\"xpath\",\"selector\":\"//span[@class='ui-growl-title']\"}\r\n\tat com.codeborne.selenide.impl.WebElementSource.createElementNotFoundError(WebElementSource.java:37)\r\n\tat com.codeborne.selenide.impl.ElementFinder.createElementNotFoundError(ElementFinder.java:100)\r\n\tat com.codeborne.selenide.impl.WebElementSource.checkCondition(WebElementSource.java:65)\r\n\tat com.codeborne.selenide.commands.Should.should(Should.java:35)\r\n\tat com.codeborne.selenide.commands.Should.execute(Should.java:29)\r\n\tat com.codeborne.selenide.commands.Should.execute(Should.java:12)\r\n\tat com.codeborne.selenide.commands.Commands.execute(Commands.java:144)\r\n\tat com.codeborne.selenide.impl.SelenideElementProxy.dispatchAndRetry(SelenideElementProxy.java:99)\r\n\tat com.codeborne.selenide.impl.SelenideElementProxy.invoke(SelenideElementProxy.java:65)\r\n\tat com.sun.proxy.$Proxy17.shouldBe(Unknown Source)\r\n\tat pages.ExpertsApplication.waitForDraftSavedTitleToDisappear(ExpertsApplication.java:106)\r\n\tat Tests.test002_fillExpertsApplication(Tests.java:99)\r\n\tat java.base/jdk.internal.reflect.NativeMethodAccessorImpl.invoke0(Native Method)\r\n\tat java.base/jdk.internal.reflect.NativeMethodAccessorImpl.invoke(NativeMethodAccessorImpl.java:62)\r\n\tat java.base/jdk.internal.reflect.DelegatingMethodAccessorImpl.invoke(DelegatingMethodAccessorImpl.java:43)\r\n\tat java.base/java.lang.reflect.Method.invoke(Method.java:564)\r\n\tat org.testng.internal.MethodInvocationHelper.invokeMethod(MethodInvocationHelper.java:124)\r\n\tat org.testng.internal.Invoker.invokeMethod(Invoker.java:583)\r\n\tat org.testng.internal.Invoker.invokeTestMethod(Invoker.java:719)\r\n\tat org.testng.internal.Invoker.invokeTestMethods(Invoker.java:989)\r\n\tat org.testng.internal.TestMethodWorker.invokeTestMethods(TestMethodWorker.java:125)\r\n\tat org.testng.internal.TestMethodWorker.run(TestMethodWorker.java:109)\r\n\tat org.testng.TestRunner.privateRun(TestRunner.java:648)\r\n\tat org.testng.TestRunner.run(TestRunner.java:505)\r\n\tat org.testng.SuiteRunner.runTest(SuiteRunner.java:455)\r\n\tat org.testng.SuiteRunner.runSequentially(SuiteRunner.java:450)\r\n\tat org.testng.SuiteRunner.privateRun(SuiteRunner.java:415)\r\n\tat org.testng.SuiteRunner.run(SuiteRunner.java:364)\r\n\tat org.testng.SuiteRunnerWorker.runSuite(SuiteRunnerWorker.java:52)\r\n\tat org.testng.SuiteRunnerWorker.run(SuiteRunnerWorker.java:84)\r\n\tat org.testng.TestNG.runSuitesSequentially(TestNG.java:1208)\r\n\tat org.testng.TestNG.runSuitesLocally(TestNG.java:1137)\r\n\tat org.testng.TestNG.runSuites(TestNG.java:1049)\r\n\tat org.testng.TestNG.run(TestNG.java:1017)\r\n\tat org.apache.maven.surefire.testng.TestNGExecutor.run(TestNGExecutor.java:135)\r\n\tat org.apache.maven.surefire.testng.TestNGDirectoryTestSuite.executeSingleClass(TestNGDirectoryTestSuite.java:112)\r\n\tat org.apache.maven.surefire.testng.TestNGDirectoryTestSuite.execute(TestNGDirectoryTestSuite.java:99)\r\n\tat org.apache.maven.surefire.testng.TestNGProvider.invoke(TestNGProvider.java:146)\r\n\tat org.apache.maven.surefire.booter.ForkedBooter.invokeProviderInSameClassLoader(ForkedBooter.java:386)\r\n\tat org.apache.maven.surefire.booter.ForkedBooter.runSuitesInProcess(ForkedBooter.java:323)\r\n\tat org.apache.maven.surefire.booter.ForkedBooter.main(ForkedBooter.java:143)\r\nCaused by: org.openqa.selenium.NoSuchElementException: no such element: Unable to locate element: {\"method\":\"xpath\",\"selector\":\"//span[@class='ui-growl-title']\"}\n  (Session info: chrome=74.0.3729.169)\n  (Driver info: chromedriver=74.0.3729.6 (255758eccf3d244491b8a1317aa76e1ce10d57e9-refs/branch-heads/3729@{#29}),platform=Windows NT 10.0.17134 x86_64) (WARNING: The server did not provide any stacktrace information)\nCommand duration or timeout: 0 milliseconds\nFor documentation on this error, please visit: https://www.seleniumhq.org/exceptions/no_such_element.html\nBuild info: version: '3.141.59', revision: 'e82be7d358', time: '2018-11-14T08:17:03'\nSystem info: host: '3E-WA-0105', ip: '10.0.75.1', os.name: 'Windows 10', os.arch: 'amd64', os.version: '10.0', java.version: '10.0.1'\nDriver info: org.openqa.selenium.chrome.ChromeDriver\nCapabilities {acceptInsecureCerts: false, acceptSslCerts: false, applicationCacheEnabled: false, browserConnectionEnabled: false, browserName: chrome, chrome: {chromedriverVersion: 74.0.3729.6 (255758eccf3d24..., userDataDir: C:\\Users\\mkrasny\\AppData\\Lo...}, cssSelectorsEnabled: true, databaseEnabled: false, goog:chromeOptions: {debuggerAddress: localhost:57837}, handlesAlerts: true, hasTouchScreen: false, javascriptEnabled: true, locationContextEnabled: true, mobileEmulationEnabled: false, nativeEvents: true, networkConnectionEnabled: false, pageLoadStrategy: normal, platform: XP, platformName: XP, proxy: Proxy(), rotatable: false, setWindowRect: true, strictFileInteractability: false, takesHeapSnapshot: true, takesScreenshot: true, timeouts: {implicit: 0, pageLoad: 300000, script: 30000}, unexpectedAlertBehaviour: ignore, unhandledPromptBehavior: ignore, version: 74.0.3729.169, webStorageEnabled: true}\nSession ID: de01f7ac352899ffbd509403ce544d8f\n*** Element info: {Using=xpath, value=//span[@class='ui-growl-title']}\r\n\tat jdk.internal.reflect.GeneratedConstructorAccessor13.newInstance(Unknown Source)\r\n\tat java.base/jdk.internal.reflect.DelegatingConstructorAccessorImpl.newInstance(DelegatingConstructorAccessorImpl.java:45)\r\n\tat java.base/java.lang.reflect.Constructor.newInstance(Constructor.java:488)\r\n\tat org.openqa.selenium.remote.ErrorHandler.createThrowable(ErrorHandler.java:214)\r\n\tat org.openqa.selenium.remote.ErrorHandler.throwIfResponseFailed(ErrorHandler.java:166)\r\n\tat org.openqa.selenium.remote.http.JsonHttpResponseCodec.reconstructValue(JsonHttpResponseCodec.java:40)\r\n\tat org.openqa.selenium.remote.http.AbstractHttpResponseCodec.decode(AbstractHttpResponseCodec.java:80)\r\n\tat org.openqa.selenium.remote.http.AbstractHttpResponseCodec.decode(AbstractHttpResponseCodec.java:44)\r\n\tat org.openqa.selenium.remote.HttpCommandExecutor.execute(HttpCommandExecutor.java:158)\r\n\tat org.openqa.selenium.remote.service.DriverCommandExecutor.execute(DriverCommandExecutor.java:83)\r\n\tat org.openqa.selenium.remote.RemoteWebDriver.execute(RemoteWebDriver.java:552)\r\n\tat org.openqa.selenium.remote.RemoteWebDriver.findElement(RemoteWebDriver.java:323)\r\n\tat org.openqa.selenium.remote.RemoteWebDriver.findElementByXPath(RemoteWebDriver.java:428)\r\n\tat org.openqa.selenium.By$ByXPath.findElement(By.java:353)\r\n\tat org.openqa.selenium.remote.RemoteWebDriver.findElement(RemoteWebDriver.java:315)\r\n\tat com.codeborne.selenide.impl.WebElementSelector.findElement(WebElementSelector.java:28)\r\n\tat com.codeborne.selenide.impl.ElementFinder.getWebElement(ElementFinder.java:74)\r\n\tat com.codeborne.selenide.impl.WebElementSource.checkCondition(WebElementSource.java:50)\r\n\t... 38 more\r\n"},"stage":"finished","steps":[{"name":"$(By.xpath: //span[@class='ui-growl-title']) should be(visible)","status":"failed","statusDetails":{"known":false,"muted":false,"flaky":false,"message":"Element not found {By.xpath: //span[@class='ui-growl-title']}\nExpected: visible","trace":"Element not found {By.xpath: //span[@class='ui-growl-title']}\nExpected: visible\nScreenshot: file:/C:/Users/mkrasny/IdeaProjects/nawa/build/reports/tests/1560338860267.0.png\nPage source: file:/C:/Users/mkrasny/IdeaProjects/nawa/build/reports/tests/1560338860267.0.html\nTimeout: 10 s.\nCaused by: NoSuchElementException: no such element: Unable to locate element: {\"method\":\"xpath\",\"selector\":\"//span[@class='ui-growl-title']\"}\r\n\tat com.codeborne.selenide.impl.WebElementSource.createElementNotFoundError(WebElementSource.java:37)\r\n\tat com.codeborne.selenide.impl.ElementFinder.createElementNotFoundError(ElementFinder.java:100)\r\n\tat com.codeborne.selenide.impl.WebElementSource.checkCondition(WebElementSource.java:65)\r\n\tat com.codeborne.selenide.commands.Should.should(Should.java:35)\r\n\tat com.codeborne.selenide.commands.Should.execute(Should.java:29)\r\n\tat com.codeborne.selenide.commands.Should.execute(Should.java:12)\r\n\tat com.codeborne.selenide.commands.Commands.execute(Commands.java:144)\r\n\tat com.codeborne.selenide.impl.SelenideElementProxy.dispatchAndRetry(SelenideElementProxy.java:99)\r\n\tat com.codeborne.selenide.impl.SelenideElementProxy.invoke(SelenideElementProxy.java:65)\r\n\tat com.sun.proxy.$Proxy17.shouldBe(Unknown Source)\r\n\tat pages.ExpertsApplication.waitForDraftSavedTitleToDisappear(ExpertsApplication.java:106)\r\n\tat Tests.test002_fillExpertsApplication(Tests.java:99)\r\n\tat java.base/jdk.internal.reflect.NativeMethodAccessorImpl.invoke0(Native Method)\r\n\tat java.base/jdk.internal.reflect.NativeMethodAccessorImpl.invoke(NativeMethodAccessorImpl.java:62)\r\n\tat java.base/jdk.internal.reflect.DelegatingMethodAccessorImpl.invoke(DelegatingMethodAccessorImpl.java:43)\r\n\tat java.base/java.lang.reflect.Method.invoke(Method.java:564)\r\n\tat org.testng.internal.MethodInvocationHelper.invokeMethod(MethodInvocationHelper.java:124)\r\n\tat org.testng.internal.Invoker.invokeMethod(Invoker.java:583)\r\n\tat org.testng.internal.Invoker.invokeTestMethod(Invoker.java:719)\r\n\tat org.testng.internal.Invoker.invokeTestMethods(Invoker.java:989)\r\n\tat org.testng.internal.TestMethodWorker.invokeTestMethods(TestMethodWorker.java:125)\r\n\tat org.testng.internal.TestMethodWorker.run(TestMethodWorker.java:109)\r\n\tat org.testng.TestRunner.privateRun(TestRunner.java:648)\r\n\tat org.testng.TestRunner.run(TestRunner.java:505)\r\n\tat org.testng.SuiteRunner.runTest(SuiteRunner.java:455)\r\n\tat org.testng.SuiteRunner.runSequentially(SuiteRunner.java:450)\r\n\tat org.testng.SuiteRunner.privateRun(SuiteRunner.java:415)\r\n\tat org.testng.SuiteRunner.run(SuiteRunner.java:364)\r\n\tat org.testng.SuiteRunnerWorker.runSuite(SuiteRunnerWorker.java:52)\r\n\tat org.testng.SuiteRunnerWorker.run(SuiteRunnerWorker.java:84)\r\n\tat org.testng.TestNG.runSuitesSequentially(TestNG.java:1208)\r\n\tat org.testng.TestNG.runSuitesLocally(TestNG.java:1137)\r\n\tat org.testng.TestNG.runSuites(TestNG.java:1049)\r\n\tat org.testng.TestNG.run(TestNG.java:1017)\r\n\tat org.apache.maven.surefire.testng.TestNGExecutor.run(TestNGExecutor.java:135)\r\n\tat org.apache.maven.surefire.testng.TestNGDirectoryTestSuite.executeSingleClass(TestNGDirectoryTestSuite.java:112)\r\n\tat org.apache.maven.surefire.testng.TestNGDirectoryTestSuite.execute(TestNGDirectoryTestSuite.java:99)\r\n\tat org.apache.maven.surefire.testng.TestNGProvider.invoke(TestNGProvider.java:146)\r\n\tat org.apache.maven.surefire.booter.ForkedBooter.invokeProviderInSameClassLoader(ForkedBooter.java:386)\r\n\tat org.apache.maven.surefire.booter.ForkedBooter.runSuitesInProcess(ForkedBooter.java:323)\r\n\tat org.apache.maven.surefire.booter.ForkedBooter.main(ForkedBooter.java:143)\r\nCaused by: org.openqa.selenium.NoSuchElementException: no such element: Unable to locate element: {\"method\":\"xpath\",\"selector\":\"//span[@class='ui-growl-title']\"}\n  (Session info: chrome=74.0.3729.169)\n  (Driver info: chromedriver=74.0.3729.6 (255758eccf3d244491b8a1317aa76e1ce10d57e9-refs/branch-heads/3729@{#29}),platform=Windows NT 10.0.17134 x86_64) (WARNING: The server did not provide any stacktrace information)\nCommand duration or timeout: 0 milliseconds\nFor documentation on this error, please visit: https://www.seleniumhq.org/exceptions/no_such_element.html\nBuild info: version: '3.141.59', revision: 'e82be7d358', time: '2018-11-14T08:17:03'\nSystem info: host: '3E-WA-0105', ip: '10.0.75.1', os.name: 'Windows 10', os.arch: 'amd64', os.version: '10.0', java.version: '10.0.1'\nDriver info: org.openqa.selenium.chrome.ChromeDriver\nCapabilities {acceptInsecureCerts: false, acceptSslCerts: false, applicationCacheEnabled: false, browserConnectionEnabled: false, browserName: chrome, chrome: {chromedriverVersion: 74.0.3729.6 (255758eccf3d24..., userDataDir: C:\\Users\\mkrasny\\AppData\\Lo...}, cssSelectorsEnabled: true, databaseEnabled: false, goog:chromeOptions: {debuggerAddress: localhost:57837}, handlesAlerts: true, hasTouchScreen: false, javascriptEnabled: true, locationContextEnabled: true, mobileEmulationEnabled: false, nativeEvents: true, networkConnectionEnabled: false, pageLoadStrategy: normal, platform: XP, platformName: XP, proxy: Proxy(), rotatable: false, setWindowRect: true, strictFileInteractability: false, takesHeapSnapshot: true, takesScreenshot: true, timeouts: {implicit: 0, pageLoad: 300000, script: 30000}, unexpectedAlertBehaviour: ignore, unhandledPromptBehavior: ignore, version: 74.0.3729.169, webStorageEnabled: true}\nSession ID: de01f7ac352899ffbd509403ce544d8f\n*** Element info: {Using=xpath, value=//span[@class='ui-growl-title']}\r\n\tat jdk.internal.reflect.GeneratedConstructorAccessor13.newInstance(Unknown Source)\r\n\tat java.base/jdk.internal.reflect.DelegatingConstructorAccessorImpl.newInstance(DelegatingConstructorAccessorImpl.java:45)\r\n\tat java.base/java.lang.reflect.Constructor.newInstance(Constructor.java:488)\r\n\tat org.openqa.selenium.remote.ErrorHandler.createThrowable(ErrorHandler.java:214)\r\n\tat org.openqa.selenium.remote.ErrorHandler.throwIfResponseFailed(ErrorHandler.java:166)\r\n\tat org.openqa.selenium.remote.http.JsonHttpResponseCodec.reconstructValue(JsonHttpResponseCodec.java:40)\r\n\tat org.openqa.selenium.remote.http.AbstractHttpResponseCodec.decode(AbstractHttpResponseCodec.java:80)\r\n\tat org.openqa.selenium.remote.http.AbstractHttpResponseCodec.decode(AbstractHttpResponseCodec.java:44)\r\n\tat org.openqa.selenium.remote.HttpCommandExecutor.execute(HttpCommandExecutor.java:158)\r\n\tat org.openqa.selenium.remote.service.DriverCommandExecutor.execute(DriverCommandExecutor.java:83)\r\n\tat org.openqa.selenium.remote.RemoteWebDriver.execute(RemoteWebDriver.java:552)\r\n\tat org.openqa.selenium.remote.RemoteWebDriver.findElement(RemoteWebDriver.java:323)\r\n\tat org.openqa.selenium.remote.RemoteWebDriver.findElementByXPath(RemoteWebDriver.java:428)\r\n\tat org.openqa.selenium.By$ByXPath.findElement(By.java:353)\r\n\tat org.openqa.selenium.remote.RemoteWebDriver.findElement(RemoteWebDriver.java:315)\r\n\tat com.codeborne.selenide.impl.WebElementSelector.findElement(WebElementSelector.java:28)\r\n\tat com.codeborne.selenide.impl.ElementFinder.getWebElement(ElementFinder.java:74)\r\n\tat com.codeborne.selenide.impl.WebElementSource.checkCondition(WebElementSource.java:50)\r\n\t... 38 more\r\n"},"stage":"finished","steps":[],"attachments":[{"name":"Screenshot","source":"87d1583b-c979-4deb-b9f8-c02cb4d64e6b-attachment.png","type":"image/png"},{"name":"Page source","source":"660ef0ec-8101-4ea7-a5f9-dcbd11319544-attachment.html","type":"text/html"}],"parameters":[],"start":1560338850000,"stop":1560338861745}],"attachments":[],"parameters":[],"start":1560338849999,"stop":1560338861748}],"attachments":[],"parameters":[],"start":1560338835677,"stop":1560338861769,"uuid":"ca7b3f37-0a4e-422c-b94d-3c276043727c","historyId":"ac280b1c19b730160fbdc5a8e50fb0e5","fullName":"Tests.test002_fillExpertsApplication","labels":[{"name":"package","value":"Tests"},{"name":"testClass","value":"Tests"},{"name":"testMethod","value":"test002_fillExpertsApplication"},{"name":"parentSuite","value":"Surefire suite"},{"name":"suite","value":"Surefire test"},{"name":"subSuite","value":"Tests"},{"name":"host","value":"3e-wa-0105"},{"name":"thread","value":"17128@3e-wa-0105.main(1)"},{"name":"framework","value":"testng"},{"name":"language","value":"java"}],"links":[]}