{"name":"test002_fillExpertsApplication","status":"failed","statusDetails":{"known":false,"muted":false,"flaky":false,"message":"Element not found {#o0section-5-control≡grid-156-grid≡thematic_scope1-control≡select1≡≡c⊙1}\nExpected: exist","trace":"Element not found {#o0section-5-control≡grid-156-grid≡thematic_scope1-control≡select1≡≡c⊙1}\nExpected: exist\nScreenshot: file:/C:/Users/mkrasny/IdeaProjects/nawa/build/reports/tests/1560334532604.0.png\nPage source: file:/C:/Users/mkrasny/IdeaProjects/nawa/build/reports/tests/1560334532604.0.html\nTimeout: 10 s.\nCaused by: NoSuchElementException: no such element: Unable to locate element: {\"method\":\"css selector\",\"selector\":\"#o0section-5-control≡grid-156-grid≡thematic_scope1-control≡select1≡≡c⊙1\"}\r\n\tat com.codeborne.selenide.impl.WebElementSource.createElementNotFoundError(WebElementSource.java:37)\r\n\tat com.codeborne.selenide.impl.ElementFinder.createElementNotFoundError(ElementFinder.java:100)\r\n\tat com.codeborne.selenide.impl.SelenideElementProxy.dispatchAndRetry(SelenideElementProxy.java:131)\r\n\tat com.codeborne.selenide.impl.SelenideElementProxy.invoke(SelenideElementProxy.java:65)\r\n\tat com.sun.proxy.$Proxy17.getTagName(Unknown Source)\r\n\tat org.openqa.selenium.support.ui.Select.<init>(Select.java:45)\r\n\tat utils.Utils.selectRandomValueFromDropdown(Utils.java:17)\r\n\tat pages.ExpertsApplication.selectRandomThematicScopeProgram(ExpertsApplication.java:118)\r\n\tat Tests.test002_fillExpertsApplication(Tests.java:90)\r\n\tat java.base/jdk.internal.reflect.NativeMethodAccessorImpl.invoke0(Native Method)\r\n\tat java.base/jdk.internal.reflect.NativeMethodAccessorImpl.invoke(NativeMethodAccessorImpl.java:62)\r\n\tat java.base/jdk.internal.reflect.DelegatingMethodAccessorImpl.invoke(DelegatingMethodAccessorImpl.java:43)\r\n\tat java.base/java.lang.reflect.Method.invoke(Method.java:564)\r\n\tat org.testng.internal.MethodInvocationHelper.invokeMethod(MethodInvocationHelper.java:124)\r\n\tat org.testng.internal.Invoker.invokeMethod(Invoker.java:583)\r\n\tat org.testng.internal.Invoker.invokeTestMethod(Invoker.java:719)\r\n\tat org.testng.internal.Invoker.invokeTestMethods(Invoker.java:989)\r\n\tat org.testng.internal.TestMethodWorker.invokeTestMethods(TestMethodWorker.java:125)\r\n\tat org.testng.internal.TestMethodWorker.run(TestMethodWorker.java:109)\r\n\tat org.testng.TestRunner.privateRun(TestRunner.java:648)\r\n\tat org.testng.TestRunner.run(TestRunner.java:505)\r\n\tat org.testng.SuiteRunner.runTest(SuiteRunner.java:455)\r\n\tat org.testng.SuiteRunner.runSequentially(SuiteRunner.java:450)\r\n\tat org.testng.SuiteRunner.privateRun(SuiteRunner.java:415)\r\n\tat org.testng.SuiteRunner.run(SuiteRunner.java:364)\r\n\tat org.testng.SuiteRunnerWorker.runSuite(SuiteRunnerWorker.java:52)\r\n\tat org.testng.SuiteRunnerWorker.run(SuiteRunnerWorker.java:84)\r\n\tat org.testng.TestNG.runSuitesSequentially(TestNG.java:1208)\r\n\tat org.testng.TestNG.runSuitesLocally(TestNG.java:1137)\r\n\tat org.testng.TestNG.runSuites(TestNG.java:1049)\r\n\tat org.testng.TestNG.run(TestNG.java:1017)\r\n\tat org.apache.maven.surefire.testng.TestNGExecutor.run(TestNGExecutor.java:135)\r\n\tat org.apache.maven.surefire.testng.TestNGDirectoryTestSuite.executeSingleClass(TestNGDirectoryTestSuite.java:112)\r\n\tat org.apache.maven.surefire.testng.TestNGDirectoryTestSuite.execute(TestNGDirectoryTestSuite.java:99)\r\n\tat org.apache.maven.surefire.testng.TestNGProvider.invoke(TestNGProvider.java:146)\r\n\tat org.apache.maven.surefire.booter.ForkedBooter.invokeProviderInSameClassLoader(ForkedBooter.java:386)\r\n\tat org.apache.maven.surefire.booter.ForkedBooter.runSuitesInProcess(ForkedBooter.java:323)\r\n\tat org.apache.maven.surefire.booter.ForkedBooter.main(ForkedBooter.java:143)\r\nCaused by: org.openqa.selenium.NoSuchElementException: no such element: Unable to locate element: {\"method\":\"css selector\",\"selector\":\"#o0section-5-control≡grid-156-grid≡thematic_scope1-control≡select1≡≡c⊙1\"}\n  (Session info: chrome=74.0.3729.169)\n  (Driver info: chromedriver=74.0.3729.6 (255758eccf3d244491b8a1317aa76e1ce10d57e9-refs/branch-heads/3729@{#29}),platform=Windows NT 10.0.17134 x86_64) (WARNING: The server did not provide any stacktrace information)\nCommand duration or timeout: 0 milliseconds\nFor documentation on this error, please visit: https://www.seleniumhq.org/exceptions/no_such_element.html\nBuild info: version: '3.141.59', revision: 'e82be7d358', time: '2018-11-14T08:17:03'\nSystem info: host: '3E-WA-0105', ip: '10.0.75.1', os.name: 'Windows 10', os.arch: 'amd64', os.version: '10.0', java.version: '10.0.1'\nDriver info: org.openqa.selenium.chrome.ChromeDriver\nCapabilities {acceptInsecureCerts: false, acceptSslCerts: false, applicationCacheEnabled: false, browserConnectionEnabled: false, browserName: chrome, chrome: {chromedriverVersion: 74.0.3729.6 (255758eccf3d24..., userDataDir: C:\\Users\\mkrasny\\AppData\\Lo...}, cssSelectorsEnabled: true, databaseEnabled: false, goog:chromeOptions: {debuggerAddress: localhost:52613}, handlesAlerts: true, hasTouchScreen: false, javascriptEnabled: true, locationContextEnabled: true, mobileEmulationEnabled: false, nativeEvents: true, networkConnectionEnabled: false, pageLoadStrategy: normal, platform: XP, platformName: XP, proxy: Proxy(), rotatable: false, setWindowRect: true, strictFileInteractability: false, takesHeapSnapshot: true, takesScreenshot: true, timeouts: {implicit: 0, pageLoad: 300000, script: 30000}, unexpectedAlertBehaviour: ignore, unhandledPromptBehavior: ignore, version: 74.0.3729.169, webStorageEnabled: true}\nSession ID: 1e7c2f79dbf2f4fe141f54568770badb\n*** Element info: {Using=css selector, value=#o0section-5-control≡grid-156-grid≡thematic_scope1-control≡select1≡≡c⊙1}\r\n\tat jdk.internal.reflect.GeneratedConstructorAccessor13.newInstance(Unknown Source)\r\n\tat java.base/jdk.internal.reflect.DelegatingConstructorAccessorImpl.newInstance(DelegatingConstructorAccessorImpl.java:45)\r\n\tat java.base/java.lang.reflect.Constructor.newInstance(Constructor.java:488)\r\n\tat org.openqa.selenium.remote.ErrorHandler.createThrowable(ErrorHandler.java:214)\r\n\tat org.openqa.selenium.remote.ErrorHandler.throwIfResponseFailed(ErrorHandler.java:166)\r\n\tat org.openqa.selenium.remote.http.JsonHttpResponseCodec.reconstructValue(JsonHttpResponseCodec.java:40)\r\n\tat org.openqa.selenium.remote.http.AbstractHttpResponseCodec.decode(AbstractHttpResponseCodec.java:80)\r\n\tat org.openqa.selenium.remote.http.AbstractHttpResponseCodec.decode(AbstractHttpResponseCodec.java:44)\r\n\tat org.openqa.selenium.remote.HttpCommandExecutor.execute(HttpCommandExecutor.java:158)\r\n\tat org.openqa.selenium.remote.service.DriverCommandExecutor.execute(DriverCommandExecutor.java:83)\r\n\tat org.openqa.selenium.remote.RemoteWebDriver.execute(RemoteWebDriver.java:552)\r\n\tat org.openqa.selenium.remote.RemoteWebDriver.findElement(RemoteWebDriver.java:323)\r\n\tat org.openqa.selenium.remote.RemoteWebDriver.findElementByCssSelector(RemoteWebDriver.java:420)\r\n\tat org.openqa.selenium.By$ByCssSelector.findElement(By.java:431)\r\n\tat org.openqa.selenium.remote.RemoteWebDriver.findElement(RemoteWebDriver.java:315)\r\n\tat com.codeborne.selenide.impl.WebElementSelector.findElement(WebElementSelector.java:28)\r\n\tat com.codeborne.selenide.impl.ElementFinder.getWebElement(ElementFinder.java:74)\r\n\tat com.codeborne.selenide.impl.SelenideElementProxy.dispatchAndRetry(SelenideElementProxy.java:102)\r\n\t... 35 more\r\n"},"stage":"finished","description":"Wypelnianie wniosku Eksperckiego","steps":[{"name":"Przejscie na podstrone 'programy'","status":"passed","stage":"finished","steps":[{"name":"$(By.xpath: //div[@class='grid__item -inline-flex']//a[0]) click()","status":"passed","stage":"finished","steps":[],"attachments":[],"parameters":[],"start":1560334511275,"stop":1560334511443}],"attachments":[],"parameters":[],"start":1560334511275,"stop":1560334511443},{"name":"Wypelnij aplikacje ekspercka","status":"passed","stage":"finished","steps":[{"name":"$(By.xpath: //button[@id='j_idt123:j_idt128:0:j_idt139']) click()","status":"passed","stage":"finished","steps":[],"attachments":[],"parameters":[],"start":1560334511457,"stop":1560334513631}],"attachments":[],"parameters":[],"start":1560334511456,"stop":1560334513631},{"name":"Polski jezyk formularza","status":"passed","stage":"finished","steps":[{"name":"$(#o0section-15-control≡grid-1-grid≡choose_language-control≡≡e0 + span) click()","status":"passed","stage":"finished","steps":[],"attachments":[],"parameters":[],"start":1560334513684,"stop":1560334517884}],"attachments":[],"parameters":[],"start":1560334513683,"stop":1560334517884},{"name":"Wyslij aplikacje","status":"passed","stage":"finished","steps":[{"name":"$(#o0xf-549≡xf-3408≡xf-3414≡≡c⊙3) click()","status":"passed","stage":"finished","steps":[],"attachments":[],"parameters":[],"start":1560334517885,"stop":1560334518103}],"attachments":[],"parameters":[],"start":1560334517885,"stop":1560334518103},{"name":"Szkic zostal zapisany - zamkniecie boxa","status":"passed","stage":"finished","steps":[{"name":"$(By.xpath: //div[@class='ui-growl-icon-close ui-icon ui-icon-closethick']) click()","status":"passed","stage":"finished","steps":[],"attachments":[],"parameters":[],"start":1560334518104,"stop":1560334519457}],"attachments":[],"parameters":[],"start":1560334518103,"stop":1560334519457},{"name":"Pobieranie tresci bledow","status":"passed","stage":"finished","steps":[{"name":"$(#o0fr-error-dialog≡xf-3421) should be(visible)","status":"passed","stage":"finished","steps":[],"attachments":[],"parameters":[],"start":1560334519457,"stop":1560334519513},{"name":"$(#o0fr-error-dialog≡xf-3421 > label) get text()","status":"passed","stage":"finished","steps":[],"attachments":[],"parameters":[],"start":1560334519513,"stop":1560334519671}],"attachments":[],"parameters":[],"start":1560334519457,"stop":1560334519671},{"name":"Klikniecie OK na dialog boxie z bledami","status":"passed","stage":"finished","steps":[{"name":"$(#o0fr-error-dialog≡xf-3426≡≡c) click()","status":"passed","stage":"finished","steps":[],"attachments":[],"parameters":[],"start":1560334519679,"stop":1560334519796}],"attachments":[],"parameters":[],"start":1560334519679,"stop":1560334519796},{"name":"Pobranie listy bledów","status":"passed","stage":"finished","steps":[{"name":"$(#o0error-summary-control-bottom≡body≡≡l) get text()","status":"passed","stage":"finished","steps":[],"attachments":[],"parameters":[],"start":1560334519798,"stop":1560334519858}],"attachments":[],"parameters":[],"start":1560334519797,"stop":1560334519858},{"name":"Zainteresowany wspolpraca z NAWA","status":"passed","stage":"finished","steps":[{"name":"$(#o0o0section-1-control≡grid-2-grid≡options-control≡≡e0 + span) click()","status":"passed","stage":"finished","steps":[],"attachments":[],"parameters":[],"start":1560334519859,"stop":1560334520027}],"attachments":[],"parameters":[],"start":1560334519859,"stop":1560334520027},{"name":"Wybor losowego programu NAWA","status":"passed","stage":"finished","steps":[{"name":"$(#o0section-1-control≡grid-153-grid≡programs_categories-control≡select1≡≡c⊙1) get tag name()","status":"passed","stage":"finished","steps":[],"attachments":[],"parameters":[],"start":1560334520045,"stop":1560334520372},{"name":"$(#o0section-1-control≡grid-153-grid≡programs_categories-control≡select1≡≡c⊙1) get attribute(multiple)","status":"passed","stage":"finished","steps":[],"attachments":[],"parameters":[],"start":1560334520373,"stop":1560334520396},{"name":"$(#o0section-1-control≡grid-153-grid≡programs_categories-control≡select1≡≡c⊙1) find elements(By.tagName: option)","status":"passed","stage":"finished","steps":[],"attachments":[],"parameters":[],"start":1560334520398,"stop":1560334520434},{"name":"$(#o0section-1-control≡grid-153-grid≡programs_categories-control≡select1≡≡c⊙1) find elements(By.tagName: option)","status":"passed","stage":"finished","steps":[],"attachments":[],"parameters":[],"start":1560334520434,"stop":1560334520471}],"attachments":[],"parameters":[],"start":1560334520027,"stop":1560334520653},{"name":"Wybor drugiego losowego programu NAWA","status":"passed","stage":"finished","steps":[{"name":"$(#o0section-1-control≡grid-153-grid≡fr-grid-add≡≡c) click()","status":"passed","stage":"finished","steps":[],"attachments":[],"parameters":[],"start":1560334520654,"stop":1560334520796},{"name":"$(#o0section-1-control≡grid-153-grid≡programs_categories-control≡select1≡≡c⊙2) get tag name()","status":"passed","stage":"finished","steps":[],"attachments":[],"parameters":[],"start":1560334520797,"stop":1560334521184},{"name":"$(#o0section-1-control≡grid-153-grid≡programs_categories-control≡select1≡≡c⊙2) get attribute(multiple)","status":"passed","stage":"finished","steps":[],"attachments":[],"parameters":[],"start":1560334521184,"stop":1560334521214},{"name":"$(#o0section-1-control≡grid-153-grid≡programs_categories-control≡select1≡≡c⊙2) find elements(By.tagName: option)","status":"passed","stage":"finished","steps":[],"attachments":[],"parameters":[],"start":1560334521214,"stop":1560334521252},{"name":"$(#o0section-1-control≡grid-153-grid≡programs_categories-control≡select1≡≡c⊙2) find elements(By.tagName: option)","status":"passed","stage":"finished","steps":[],"attachments":[],"parameters":[],"start":1560334521252,"stop":1560334521284}],"attachments":[],"parameters":[],"start":1560334520654,"stop":1560334521412},{"name":"Ustawienie tytulu akademickiego {1}","status":"passed","stage":"finished","steps":[{"name":"$(#o0section-5-control≡grid-5-grid≡academic_title-control≡xforms-input-1) send keys(Pine)","status":"passed","stage":"finished","steps":[],"attachments":[],"parameters":[],"start":1560334521421,"stop":1560334521880}],"attachments":[],"parameters":[{"name":"academicTitleInput","value":"Pine"}],"start":1560334521421,"stop":1560334521880},{"name":"Ustawienie numeru telefonu {1}","status":"passed","stage":"finished","steps":[{"name":"$(#o0section-5-control≡grid-5-grid≡telephone-control≡xforms-input-1) clear()","status":"passed","stage":"finished","steps":[],"attachments":[],"parameters":[],"start":1560334521881,"stop":1560334521975},{"name":"$(#o0section-5-control≡grid-5-grid≡telephone-control≡xforms-input-1) send keys(123456987)","status":"passed","stage":"finished","steps":[],"attachments":[],"parameters":[],"start":1560334521975,"stop":1560334522578}],"attachments":[],"parameters":[{"name":"phoneNumberInput","value":"123456987"}],"start":1560334521881,"stop":1560334522578},{"name":"Wybor losowego zakresu tematycznego","status":"failed","statusDetails":{"known":false,"muted":false,"flaky":false,"message":"Element not found {#o0section-5-control≡grid-156-grid≡thematic_scope1-control≡select1≡≡c⊙1}\nExpected: exist","trace":"Element not found {#o0section-5-control≡grid-156-grid≡thematic_scope1-control≡select1≡≡c⊙1}\nExpected: exist\nScreenshot: file:/C:/Users/mkrasny/IdeaProjects/nawa/build/reports/tests/1560334532604.0.png\nPage source: file:/C:/Users/mkrasny/IdeaProjects/nawa/build/reports/tests/1560334532604.0.html\nTimeout: 10 s.\nCaused by: NoSuchElementException: no such element: Unable to locate element: {\"method\":\"css selector\",\"selector\":\"#o0section-5-control≡grid-156-grid≡thematic_scope1-control≡select1≡≡c⊙1\"}\r\n\tat com.codeborne.selenide.impl.WebElementSource.createElementNotFoundError(WebElementSource.java:37)\r\n\tat com.codeborne.selenide.impl.ElementFinder.createElementNotFoundError(ElementFinder.java:100)\r\n\tat com.codeborne.selenide.impl.SelenideElementProxy.dispatchAndRetry(SelenideElementProxy.java:131)\r\n\tat com.codeborne.selenide.impl.SelenideElementProxy.invoke(SelenideElementProxy.java:65)\r\n\tat com.sun.proxy.$Proxy17.getTagName(Unknown Source)\r\n\tat org.openqa.selenium.support.ui.Select.<init>(Select.java:45)\r\n\tat utils.Utils.selectRandomValueFromDropdown(Utils.java:17)\r\n\tat pages.ExpertsApplication.selectRandomThematicScopeProgram(ExpertsApplication.java:118)\r\n\tat Tests.test002_fillExpertsApplication(Tests.java:90)\r\n\tat java.base/jdk.internal.reflect.NativeMethodAccessorImpl.invoke0(Native Method)\r\n\tat java.base/jdk.internal.reflect.NativeMethodAccessorImpl.invoke(NativeMethodAccessorImpl.java:62)\r\n\tat java.base/jdk.internal.reflect.DelegatingMethodAccessorImpl.invoke(DelegatingMethodAccessorImpl.java:43)\r\n\tat java.base/java.lang.reflect.Method.invoke(Method.java:564)\r\n\tat org.testng.internal.MethodInvocationHelper.invokeMethod(MethodInvocationHelper.java:124)\r\n\tat org.testng.internal.Invoker.invokeMethod(Invoker.java:583)\r\n\tat org.testng.internal.Invoker.invokeTestMethod(Invoker.java:719)\r\n\tat org.testng.internal.Invoker.invokeTestMethods(Invoker.java:989)\r\n\tat org.testng.internal.TestMethodWorker.invokeTestMethods(TestMethodWorker.java:125)\r\n\tat org.testng.internal.TestMethodWorker.run(TestMethodWorker.java:109)\r\n\tat org.testng.TestRunner.privateRun(TestRunner.java:648)\r\n\tat org.testng.TestRunner.run(TestRunner.java:505)\r\n\tat org.testng.SuiteRunner.runTest(SuiteRunner.java:455)\r\n\tat org.testng.SuiteRunner.runSequentially(SuiteRunner.java:450)\r\n\tat org.testng.SuiteRunner.privateRun(SuiteRunner.java:415)\r\n\tat org.testng.SuiteRunner.run(SuiteRunner.java:364)\r\n\tat org.testng.SuiteRunnerWorker.runSuite(SuiteRunnerWorker.java:52)\r\n\tat org.testng.SuiteRunnerWorker.run(SuiteRunnerWorker.java:84)\r\n\tat org.testng.TestNG.runSuitesSequentially(TestNG.java:1208)\r\n\tat org.testng.TestNG.runSuitesLocally(TestNG.java:1137)\r\n\tat org.testng.TestNG.runSuites(TestNG.java:1049)\r\n\tat org.testng.TestNG.run(TestNG.java:1017)\r\n\tat org.apache.maven.surefire.testng.TestNGExecutor.run(TestNGExecutor.java:135)\r\n\tat org.apache.maven.surefire.testng.TestNGDirectoryTestSuite.executeSingleClass(TestNGDirectoryTestSuite.java:112)\r\n\tat org.apache.maven.surefire.testng.TestNGDirectoryTestSuite.execute(TestNGDirectoryTestSuite.java:99)\r\n\tat org.apache.maven.surefire.testng.TestNGProvider.invoke(TestNGProvider.java:146)\r\n\tat org.apache.maven.surefire.booter.ForkedBooter.invokeProviderInSameClassLoader(ForkedBooter.java:386)\r\n\tat org.apache.maven.surefire.booter.ForkedBooter.runSuitesInProcess(ForkedBooter.java:323)\r\n\tat org.apache.maven.surefire.booter.ForkedBooter.main(ForkedBooter.java:143)\r\nCaused by: org.openqa.selenium.NoSuchElementException: no such element: Unable to locate element: {\"method\":\"css selector\",\"selector\":\"#o0section-5-control≡grid-156-grid≡thematic_scope1-control≡select1≡≡c⊙1\"}\n  (Session info: chrome=74.0.3729.169)\n  (Driver info: chromedriver=74.0.3729.6 (255758eccf3d244491b8a1317aa76e1ce10d57e9-refs/branch-heads/3729@{#29}),platform=Windows NT 10.0.17134 x86_64) (WARNING: The server did not provide any stacktrace information)\nCommand duration or timeout: 0 milliseconds\nFor documentation on this error, please visit: https://www.seleniumhq.org/exceptions/no_such_element.html\nBuild info: version: '3.141.59', revision: 'e82be7d358', time: '2018-11-14T08:17:03'\nSystem info: host: '3E-WA-0105', ip: '10.0.75.1', os.name: 'Windows 10', os.arch: 'amd64', os.version: '10.0', java.version: '10.0.1'\nDriver info: org.openqa.selenium.chrome.ChromeDriver\nCapabilities {acceptInsecureCerts: false, acceptSslCerts: false, applicationCacheEnabled: false, browserConnectionEnabled: false, browserName: chrome, chrome: {chromedriverVersion: 74.0.3729.6 (255758eccf3d24..., userDataDir: C:\\Users\\mkrasny\\AppData\\Lo...}, cssSelectorsEnabled: true, databaseEnabled: false, goog:chromeOptions: {debuggerAddress: localhost:52613}, handlesAlerts: true, hasTouchScreen: false, javascriptEnabled: true, locationContextEnabled: true, mobileEmulationEnabled: false, nativeEvents: true, networkConnectionEnabled: false, pageLoadStrategy: normal, platform: XP, platformName: XP, proxy: Proxy(), rotatable: false, setWindowRect: true, strictFileInteractability: false, takesHeapSnapshot: true, takesScreenshot: true, timeouts: {implicit: 0, pageLoad: 300000, script: 30000}, unexpectedAlertBehaviour: ignore, unhandledPromptBehavior: ignore, version: 74.0.3729.169, webStorageEnabled: true}\nSession ID: 1e7c2f79dbf2f4fe141f54568770badb\n*** Element info: {Using=css selector, value=#o0section-5-control≡grid-156-grid≡thematic_scope1-control≡select1≡≡c⊙1}\r\n\tat jdk.internal.reflect.GeneratedConstructorAccessor13.newInstance(Unknown Source)\r\n\tat java.base/jdk.internal.reflect.DelegatingConstructorAccessorImpl.newInstance(DelegatingConstructorAccessorImpl.java:45)\r\n\tat java.base/java.lang.reflect.Constructor.newInstance(Constructor.java:488)\r\n\tat org.openqa.selenium.remote.ErrorHandler.createThrowable(ErrorHandler.java:214)\r\n\tat org.openqa.selenium.remote.ErrorHandler.throwIfResponseFailed(ErrorHandler.java:166)\r\n\tat org.openqa.selenium.remote.http.JsonHttpResponseCodec.reconstructValue(JsonHttpResponseCodec.java:40)\r\n\tat org.openqa.selenium.remote.http.AbstractHttpResponseCodec.decode(AbstractHttpResponseCodec.java:80)\r\n\tat org.openqa.selenium.remote.http.AbstractHttpResponseCodec.decode(AbstractHttpResponseCodec.java:44)\r\n\tat org.openqa.selenium.remote.HttpCommandExecutor.execute(HttpCommandExecutor.java:158)\r\n\tat org.openqa.selenium.remote.service.DriverCommandExecutor.execute(DriverCommandExecutor.java:83)\r\n\tat org.openqa.selenium.remote.RemoteWebDriver.execute(RemoteWebDriver.java:552)\r\n\tat org.openqa.selenium.remote.RemoteWebDriver.findElement(RemoteWebDriver.java:323)\r\n\tat org.openqa.selenium.remote.RemoteWebDriver.findElementByCssSelector(RemoteWebDriver.java:420)\r\n\tat org.openqa.selenium.By$ByCssSelector.findElement(By.java:431)\r\n\tat org.openqa.selenium.remote.RemoteWebDriver.findElement(RemoteWebDriver.java:315)\r\n\tat com.codeborne.selenide.impl.WebElementSelector.findElement(WebElementSelector.java:28)\r\n\tat com.codeborne.selenide.impl.ElementFinder.getWebElement(ElementFinder.java:74)\r\n\tat com.codeborne.selenide.impl.SelenideElementProxy.dispatchAndRetry(SelenideElementProxy.java:102)\r\n\t... 35 more\r\n"},"stage":"finished","steps":[{"name":"$(#o0section-5-control≡grid-156-grid≡thematic_scope1-control≡select1≡≡c⊙1) get tag name()","status":"failed","statusDetails":{"known":false,"muted":false,"flaky":false,"message":"Element not found {#o0section-5-control≡grid-156-grid≡thematic_scope1-control≡select1≡≡c⊙1}\nExpected: exist","trace":"Element not found {#o0section-5-control≡grid-156-grid≡thematic_scope1-control≡select1≡≡c⊙1}\nExpected: exist\nScreenshot: file:/C:/Users/mkrasny/IdeaProjects/nawa/build/reports/tests/1560334532604.0.png\nPage source: file:/C:/Users/mkrasny/IdeaProjects/nawa/build/reports/tests/1560334532604.0.html\nTimeout: 10 s.\nCaused by: NoSuchElementException: no such element: Unable to locate element: {\"method\":\"css selector\",\"selector\":\"#o0section-5-control≡grid-156-grid≡thematic_scope1-control≡select1≡≡c⊙1\"}\r\n\tat com.codeborne.selenide.impl.WebElementSource.createElementNotFoundError(WebElementSource.java:37)\r\n\tat com.codeborne.selenide.impl.ElementFinder.createElementNotFoundError(ElementFinder.java:100)\r\n\tat com.codeborne.selenide.impl.SelenideElementProxy.dispatchAndRetry(SelenideElementProxy.java:131)\r\n\tat com.codeborne.selenide.impl.SelenideElementProxy.invoke(SelenideElementProxy.java:65)\r\n\tat com.sun.proxy.$Proxy17.getTagName(Unknown Source)\r\n\tat org.openqa.selenium.support.ui.Select.<init>(Select.java:45)\r\n\tat utils.Utils.selectRandomValueFromDropdown(Utils.java:17)\r\n\tat pages.ExpertsApplication.selectRandomThematicScopeProgram(ExpertsApplication.java:118)\r\n\tat Tests.test002_fillExpertsApplication(Tests.java:90)\r\n\tat java.base/jdk.internal.reflect.NativeMethodAccessorImpl.invoke0(Native Method)\r\n\tat java.base/jdk.internal.reflect.NativeMethodAccessorImpl.invoke(NativeMethodAccessorImpl.java:62)\r\n\tat java.base/jdk.internal.reflect.DelegatingMethodAccessorImpl.invoke(DelegatingMethodAccessorImpl.java:43)\r\n\tat java.base/java.lang.reflect.Method.invoke(Method.java:564)\r\n\tat org.testng.internal.MethodInvocationHelper.invokeMethod(MethodInvocationHelper.java:124)\r\n\tat org.testng.internal.Invoker.invokeMethod(Invoker.java:583)\r\n\tat org.testng.internal.Invoker.invokeTestMethod(Invoker.java:719)\r\n\tat org.testng.internal.Invoker.invokeTestMethods(Invoker.java:989)\r\n\tat org.testng.internal.TestMethodWorker.invokeTestMethods(TestMethodWorker.java:125)\r\n\tat org.testng.internal.TestMethodWorker.run(TestMethodWorker.java:109)\r\n\tat org.testng.TestRunner.privateRun(TestRunner.java:648)\r\n\tat org.testng.TestRunner.run(TestRunner.java:505)\r\n\tat org.testng.SuiteRunner.runTest(SuiteRunner.java:455)\r\n\tat org.testng.SuiteRunner.runSequentially(SuiteRunner.java:450)\r\n\tat org.testng.SuiteRunner.privateRun(SuiteRunner.java:415)\r\n\tat org.testng.SuiteRunner.run(SuiteRunner.java:364)\r\n\tat org.testng.SuiteRunnerWorker.runSuite(SuiteRunnerWorker.java:52)\r\n\tat org.testng.SuiteRunnerWorker.run(SuiteRunnerWorker.java:84)\r\n\tat org.testng.TestNG.runSuitesSequentially(TestNG.java:1208)\r\n\tat org.testng.TestNG.runSuitesLocally(TestNG.java:1137)\r\n\tat org.testng.TestNG.runSuites(TestNG.java:1049)\r\n\tat org.testng.TestNG.run(TestNG.java:1017)\r\n\tat org.apache.maven.surefire.testng.TestNGExecutor.run(TestNGExecutor.java:135)\r\n\tat org.apache.maven.surefire.testng.TestNGDirectoryTestSuite.executeSingleClass(TestNGDirectoryTestSuite.java:112)\r\n\tat org.apache.maven.surefire.testng.TestNGDirectoryTestSuite.execute(TestNGDirectoryTestSuite.java:99)\r\n\tat org.apache.maven.surefire.testng.TestNGProvider.invoke(TestNGProvider.java:146)\r\n\tat org.apache.maven.surefire.booter.ForkedBooter.invokeProviderInSameClassLoader(ForkedBooter.java:386)\r\n\tat org.apache.maven.surefire.booter.ForkedBooter.runSuitesInProcess(ForkedBooter.java:323)\r\n\tat org.apache.maven.surefire.booter.ForkedBooter.main(ForkedBooter.java:143)\r\nCaused by: org.openqa.selenium.NoSuchElementException: no such element: Unable to locate element: {\"method\":\"css selector\",\"selector\":\"#o0section-5-control≡grid-156-grid≡thematic_scope1-control≡select1≡≡c⊙1\"}\n  (Session info: chrome=74.0.3729.169)\n  (Driver info: chromedriver=74.0.3729.6 (255758eccf3d244491b8a1317aa76e1ce10d57e9-refs/branch-heads/3729@{#29}),platform=Windows NT 10.0.17134 x86_64) (WARNING: The server did not provide any stacktrace information)\nCommand duration or timeout: 0 milliseconds\nFor documentation on this error, please visit: https://www.seleniumhq.org/exceptions/no_such_element.html\nBuild info: version: '3.141.59', revision: 'e82be7d358', time: '2018-11-14T08:17:03'\nSystem info: host: '3E-WA-0105', ip: '10.0.75.1', os.name: 'Windows 10', os.arch: 'amd64', os.version: '10.0', java.version: '10.0.1'\nDriver info: org.openqa.selenium.chrome.ChromeDriver\nCapabilities {acceptInsecureCerts: false, acceptSslCerts: false, applicationCacheEnabled: false, browserConnectionEnabled: false, browserName: chrome, chrome: {chromedriverVersion: 74.0.3729.6 (255758eccf3d24..., userDataDir: C:\\Users\\mkrasny\\AppData\\Lo...}, cssSelectorsEnabled: true, databaseEnabled: false, goog:chromeOptions: {debuggerAddress: localhost:52613}, handlesAlerts: true, hasTouchScreen: false, javascriptEnabled: true, locationContextEnabled: true, mobileEmulationEnabled: false, nativeEvents: true, networkConnectionEnabled: false, pageLoadStrategy: normal, platform: XP, platformName: XP, proxy: Proxy(), rotatable: false, setWindowRect: true, strictFileInteractability: false, takesHeapSnapshot: true, takesScreenshot: true, timeouts: {implicit: 0, pageLoad: 300000, script: 30000}, unexpectedAlertBehaviour: ignore, unhandledPromptBehavior: ignore, version: 74.0.3729.169, webStorageEnabled: true}\nSession ID: 1e7c2f79dbf2f4fe141f54568770badb\n*** Element info: {Using=css selector, value=#o0section-5-control≡grid-156-grid≡thematic_scope1-control≡select1≡≡c⊙1}\r\n\tat jdk.internal.reflect.GeneratedConstructorAccessor13.newInstance(Unknown Source)\r\n\tat java.base/jdk.internal.reflect.DelegatingConstructorAccessorImpl.newInstance(DelegatingConstructorAccessorImpl.java:45)\r\n\tat java.base/java.lang.reflect.Constructor.newInstance(Constructor.java:488)\r\n\tat org.openqa.selenium.remote.ErrorHandler.createThrowable(ErrorHandler.java:214)\r\n\tat org.openqa.selenium.remote.ErrorHandler.throwIfResponseFailed(ErrorHandler.java:166)\r\n\tat org.openqa.selenium.remote.http.JsonHttpResponseCodec.reconstructValue(JsonHttpResponseCodec.java:40)\r\n\tat org.openqa.selenium.remote.http.AbstractHttpResponseCodec.decode(AbstractHttpResponseCodec.java:80)\r\n\tat org.openqa.selenium.remote.http.AbstractHttpResponseCodec.decode(AbstractHttpResponseCodec.java:44)\r\n\tat org.openqa.selenium.remote.HttpCommandExecutor.execute(HttpCommandExecutor.java:158)\r\n\tat org.openqa.selenium.remote.service.DriverCommandExecutor.execute(DriverCommandExecutor.java:83)\r\n\tat org.openqa.selenium.remote.RemoteWebDriver.execute(RemoteWebDriver.java:552)\r\n\tat org.openqa.selenium.remote.RemoteWebDriver.findElement(RemoteWebDriver.java:323)\r\n\tat org.openqa.selenium.remote.RemoteWebDriver.findElementByCssSelector(RemoteWebDriver.java:420)\r\n\tat org.openqa.selenium.By$ByCssSelector.findElement(By.java:431)\r\n\tat org.openqa.selenium.remote.RemoteWebDriver.findElement(RemoteWebDriver.java:315)\r\n\tat com.codeborne.selenide.impl.WebElementSelector.findElement(WebElementSelector.java:28)\r\n\tat com.codeborne.selenide.impl.ElementFinder.getWebElement(ElementFinder.java:74)\r\n\tat com.codeborne.selenide.impl.SelenideElementProxy.dispatchAndRetry(SelenideElementProxy.java:102)\r\n\t... 35 more\r\n"},"stage":"finished","steps":[],"attachments":[{"name":"Screenshot","source":"76834010-6ca3-47ab-9b43-a7cdd148ced8-attachment.png","type":"image/png"},{"name":"Page source","source":"2ce25241-16de-413f-8411-e0ec67368a41-attachment.html","type":"text/html"}],"parameters":[],"start":1560334522579,"stop":1560334534355}],"attachments":[],"parameters":[],"start":1560334522579,"stop":1560334534357}],"attachments":[],"parameters":[],"start":1560334511274,"stop":1560334534398,"uuid":"d18123e0-1922-4535-ac6d-5dad757da1b9","historyId":"ac280b1c19b730160fbdc5a8e50fb0e5","fullName":"Tests.test002_fillExpertsApplication","labels":[{"name":"package","value":"Tests"},{"name":"testClass","value":"Tests"},{"name":"testMethod","value":"test002_fillExpertsApplication"},{"name":"parentSuite","value":"Surefire suite"},{"name":"suite","value":"Surefire test"},{"name":"subSuite","value":"Tests"},{"name":"host","value":"3e-wa-0105"},{"name":"thread","value":"21020@3e-wa-0105.main(1)"},{"name":"framework","value":"testng"},{"name":"language","value":"java"}],"links":[]}